<?xml version="1.0" encoding="UTF-8"?>
<testng-results skipped="0" failed="0" ignored="0" total="2" passed="2">
  <reporter-output>
  </reporter-output>
  <suite name="Default suite" duration-ms="107492" started-at="2020-11-26T18:46:15Z" finished-at="2020-11-26T18:48:02Z">
    <groups>
    </groups>
    <test name="Default test" duration-ms="107492" started-at="2020-11-26T18:46:15Z" finished-at="2020-11-26T18:48:02Z">
      <class name="tests.RestAssuredApi">
        <test-method status="PASS" signature="Creatpost()[pri:0, instance:tests.RestAssuredApi@22635ba0]" name="Creatpost" duration-ms="6297" started-at="2020-11-26T18:46:15Z" finished-at="2020-11-26T18:46:21Z">
          <reporter-output>
          </reporter-output>
        </test-method> <!-- Creatpost -->
        <test-method status="PASS" signature="Getallposts()[pri:1, instance:tests.RestAssuredApi@22635ba0]" name="Getallposts" duration-ms="100913" started-at="2020-11-26T18:46:22Z" finished-at="2020-11-26T18:48:02Z">
          <reporter-output>
          </reporter-output>
        </test-method> <!-- Getallposts -->
      </class> <!-- tests.RestAssuredApi -->
    </test> <!-- Default test -->
  </suite> <!-- Default suite -->
</testng-results>
